[26-May-2017 19:47:17 UTC] PHP Catchable fatal error:  Object of class MYSQLDataBase could not be converted to string in /home/ubuntu/workspace/public/z1.php on line 6
[26-May-2017 19:47:17 UTC] PHP Stack trace:
[26-May-2017 19:47:17 UTC] PHP   1. {main}() /home/ubuntu/workspace/public/z1.php:0
[26-May-2017 19:49:35 UTC] PHP Warning:  print_r() expects at least 1 parameter, 0 given in /home/ubuntu/workspace/public/z1.php on line 6
[26-May-2017 19:49:35 UTC] PHP Stack trace:
[26-May-2017 19:49:35 UTC] PHP   1. {main}() /home/ubuntu/workspace/public/z1.php:0
[26-May-2017 19:49:35 UTC] PHP   2. print_r() /home/ubuntu/workspace/public/z1.php:6
[26-May-2017 19:51:02 UTC] PHP Notice:  Use of undefined constant s - assumed 's' in /home/ubuntu/workspace/public/z1.php on line 9
[26-May-2017 19:51:02 UTC] PHP Stack trace:
[26-May-2017 19:51:02 UTC] PHP   1. {main}() /home/ubuntu/workspace/public/z1.php:0
[26-May-2017 19:51:36 UTC] PHP Notice:  Undefined offset: 0 in /home/ubuntu/workspace/public/processLogin.php on line 8
[26-May-2017 19:51:36 UTC] PHP Stack trace:
[26-May-2017 19:51:36 UTC] PHP   1. {main}() /home/ubuntu/workspace/public/processLogin.php:0
[26-May-2017 20:13:38 UTC] PHP Catchable fatal error:  Object of class stdClass could not be converted to string in /home/ubuntu/workspace/public/processLogin.php on line 7
[26-May-2017 20:13:38 UTC] PHP Stack trace:
[26-May-2017 20:13:38 UTC] PHP   1. {main}() /home/ubuntu/workspace/public/processLogin.php:0
[26-May-2017 20:14:11 UTC] PHP Catchable fatal error:  Object of class stdClass could not be converted to string in /home/ubuntu/workspace/public/processLogin.php on line 7
[26-May-2017 20:14:11 UTC] PHP Stack trace:
[26-May-2017 20:14:11 UTC] PHP   1. {main}() /home/ubuntu/workspace/public/processLogin.php:0
[26-May-2017 20:20:14 UTC] PHP Fatal error:  Cannot use object of type stdClass as array in /home/ubuntu/workspace/public/processLogin.php on line 8
[26-May-2017 20:20:14 UTC] PHP Stack trace:
[26-May-2017 20:20:14 UTC] PHP   1. {main}() /home/ubuntu/workspace/public/processLogin.php:0
[26-May-2017 20:21:34 UTC] PHP Fatal error:  Cannot use object of type stdClass as array in /home/ubuntu/workspace/public/processLogin.php on line 8
[26-May-2017 20:21:34 UTC] PHP Stack trace:
[26-May-2017 20:21:34 UTC] PHP   1. {main}() /home/ubuntu/workspace/public/processLogin.php:0
[26-May-2017 20:21:57 UTC] PHP Fatal error:  Cannot use object of type stdClass as array in /home/ubuntu/workspace/public/processLogin.php on line 8
[26-May-2017 20:21:57 UTC] PHP Stack trace:
[26-May-2017 20:21:57 UTC] PHP   1. {main}() /home/ubuntu/workspace/public/processLogin.php:0
[26-May-2017 20:22:09 UTC] PHP Fatal error:  Cannot use object of type stdClass as array in /home/ubuntu/workspace/public/processLogin.php on line 8
[26-May-2017 20:22:09 UTC] PHP Stack trace:
[26-May-2017 20:22:09 UTC] PHP   1. {main}() /home/ubuntu/workspace/public/processLogin.php:0
[26-May-2017 20:31:13 UTC] PHP Parse error:  syntax error, unexpected '[' in /home/ubuntu/workspace/private/kari.php on line 102
[26-May-2017 20:31:13 UTC] PHP Stack trace:
[26-May-2017 20:31:13 UTC] PHP   1. {main}() /home/ubuntu/workspace/public/playkarioke.php:0
[26-May-2017 20:31:53 UTC] PHP Parse error:  syntax error, unexpected '[' in /home/ubuntu/workspace/private/kari.php on line 102
[26-May-2017 20:31:53 UTC] PHP Stack trace:
[26-May-2017 20:31:53 UTC] PHP   1. {main}() /home/ubuntu/workspace/public/unloadremove.php:0
[26-May-2017 20:37:43 UTC] PHP Parse error:  syntax error, unexpected '[' in /home/ubuntu/workspace/private/kari.php on line 102
[26-May-2017 20:37:43 UTC] PHP Stack trace:
[26-May-2017 20:37:43 UTC] PHP   1. {main}() /home/ubuntu/workspace/public/playkarioke.php:0
[26-May-2017 20:37:51 UTC] PHP Parse error:  syntax error, unexpected '[' in /home/ubuntu/workspace/private/kari.php on line 102
[26-May-2017 20:37:51 UTC] PHP Stack trace:
[26-May-2017 20:37:51 UTC] PHP   1. {main}() /home/ubuntu/workspace/public/unloadremove.php:0
[26-May-2017 20:38:46 UTC] PHP Parse error:  syntax error, unexpected '[' in /home/ubuntu/workspace/private/kari.php on line 102
[26-May-2017 20:38:46 UTC] PHP Stack trace:
[26-May-2017 20:38:46 UTC] PHP   1. {main}() /home/ubuntu/workspace/public/playkarioke.php:0
[26-May-2017 20:44:50 UTC] PHP Parse error:  syntax error, unexpected '[' in /home/ubuntu/workspace/public/playkari.php on line 36
[26-May-2017 20:44:52 UTC] PHP Parse error:  syntax error, unexpected '[' in /home/ubuntu/workspace/public/playkari.php on line 36
[26-May-2017 20:48:51 UTC] PHP Parse error:  syntax error, unexpected '[' in /home/ubuntu/workspace/public/playkari.php on line 36
[26-May-2017 20:48:53 UTC] PHP Parse error:  syntax error, unexpected '[' in /home/ubuntu/workspace/public/playkari.php on line 36
[26-May-2017 20:51:24 UTC] PHP Parse error:  syntax error, unexpected '[' in /home/ubuntu/workspace/public/playkari.php on line 36
[26-May-2017 20:51:26 UTC] PHP Parse error:  syntax error, unexpected '[' in /home/ubuntu/workspace/public/playkari.php on line 36
[26-May-2017 20:53:04 UTC] PHP Parse error:  syntax error, unexpected '[' in /home/ubuntu/workspace/public/playkari.php on line 36
[26-May-2017 20:53:05 UTC] PHP Parse error:  syntax error, unexpected '[' in /home/ubuntu/workspace/public/playkari.php on line 36
[26-May-2017 20:54:28 UTC] PHP Parse error:  syntax error, unexpected '[' in /home/ubuntu/workspace/public/playkari.php on line 36
[26-May-2017 20:54:29 UTC] PHP Parse error:  syntax error, unexpected '[' in /home/ubuntu/workspace/public/playkari.php on line 36
[26-May-2017 20:54:30 UTC] PHP Parse error:  syntax error, unexpected '[' in /home/ubuntu/workspace/public/playkari.php on line 36
[26-May-2017 20:57:53 UTC] PHP Parse error:  syntax error, unexpected '[' in /home/ubuntu/workspace/public/playkari.php on line 36
[26-May-2017 20:57:54 UTC] PHP Parse error:  syntax error, unexpected '[' in /home/ubuntu/workspace/public/playkari.php on line 36
